# JRE version: OpenJDK Runtime Environment Temurin-17.0.7+7 (17.0.7+7) (build 17.0.7+7)
# Java VM: OpenJDK 64-Bit Server VM Temurin-17.0.7+7 (17.0.7+7, mixed mode, emulated-client, tiered, compressed oops, compressed class ptrs, g1 gc, windows-amd64)
GC Precious Log:
 CPUs: 8 total, 8 available
 Memory: 8050M
 Large Page Support: Disabled
 NUMA Support: Disabled
 Compressed Oops: Enabled (32-bit)
 Heap Region Size: 1M
 Heap Min Capacity: 8M
 Heap Initial Capacity: 126M
 Heap Max Capacity: 2014M
 Pre-touch: Disabled
 Parallel Workers: 8
 Concurrent Workers: 2
 Concurrent Refinement Workers: 8
 Periodic GC: Disabled
Heap:
 garbage-first heap   total 59392K, used 32946K [0x0000000082200000, 0x0000000100000000)
  region size 1024K, 5 young (5120K), 3 survivors (3072K)
 Metaspace       used 58088K, committed 59008K, reserved 1114112K
  class space    used 7896K, committed 8256K, reserved 1048576K
GC Heap History (20 events):
Event: 6.695 GC heap before
{Heap before GC invocations=10 (full 0):
 garbage-first heap   total 49152K, used 27180K [0x0000000082200000, 0x0000000100000000)
  region size 1024K, 13 young (13312K), 3 survivors (3072K)
 Metaspace       used 35688K, committed 36096K, reserved 1114112K
  class space    used 4497K, committed 4736K, reserved 1048576K
}
Event: 6.706 GC heap after
{Heap after GC invocations=11 (full 0):
 garbage-first heap   total 49152K, used 19892K [0x0000000082200000, 0x0000000100000000)
  region size 1024K, 3 young (3072K), 3 survivors (3072K)
 Metaspace       used 35688K, committed 36096K, reserved 1114112K
  class space    used 4497K, committed 4736K, reserved 1048576K
}
Event: 7.781 GC heap before
{Heap before GC invocations=12 (full 0):
 garbage-first heap   total 49152K, used 38324K [0x0000000082200000, 0x0000000100000000)
  region size 1024K, 20 young (20480K), 3 survivors (3072K)
 Metaspace       used 38389K, committed 38784K, reserved 1114112K
  class space    used 4856K, committed 5056K, reserved 1048576K
}
Event: 7.791 GC heap after
{Heap after GC invocations=13 (full 0):
 garbage-first heap   total 49152K, used 21156K [0x0000000082200000, 0x0000000100000000)
  region size 1024K, 3 young (3072K), 3 survivors (3072K)
 Metaspace       used 38389K, committed 38784K, reserved 1114112K
  class space    used 4856K, committed 5056K, reserved 1048576K
}
Event: 7.985 GC heap before
{Heap before GC invocations=13 (full 0):
 garbage-first heap   total 49152K, used 36516K [0x0000000082200000, 0x0000000100000000)
  region size 1024K, 19 young (19456K), 3 survivors (3072K)
 Metaspace       used 38556K, committed 39040K, reserved 1114112K
  class space    used 4884K, committed 5120K, reserved 1048576K
}
Event: 7.995 GC heap after
{Heap after GC invocations=14 (full 0):
 garbage-first heap   total 59392K, used 22089K [0x0000000082200000, 0x0000000100000000)
  region size 1024K, 3 young (3072K), 3 survivors (3072K)
 Metaspace       used 38556K, committed 39040K, reserved 1114112K
  class space    used 4884K, committed 5120K, reserved 1048576K
}
Event: 8.842 GC heap before
{Heap before GC invocations=14 (full 0):
 garbage-first heap   total 59392K, used 45641K [0x0000000082200000, 0x0000000100000000)
  region size 1024K, 26 young (26624K), 3 survivors (3072K)
 Metaspace       used 41835K, committed 42304K, reserved 1114112K
  class space    used 5392K, committed 5632K, reserved 1048576K
}
Event: 8.850 GC heap after
{Heap after GC invocations=15 (full 0):
 garbage-first heap   total 59392K, used 22979K [0x0000000082200000, 0x0000000100000000)
  region size 1024K, 2 young (2048K), 2 survivors (2048K)
 Metaspace       used 41835K, committed 42304K, reserved 1114112K
  class space    used 5392K, committed 5632K, reserved 1048576K
}
Event: 9.567 GC heap before
{Heap before GC invocations=15 (full 0):
 garbage-first heap   total 59392K, used 45507K [0x0000000082200000, 0x0000000100000000)
  region size 1024K, 25 young (25600K), 2 survivors (2048K)
 Metaspace       used 45600K, committed 46080K, reserved 1114112K
  class space    used 5971K, committed 6208K, reserved 1048576K
}
Event: 9.578 GC heap after
{Heap after GC invocations=16 (full 0):
 garbage-first heap   total 59392K, used 24637K [0x0000000082200000, 0x0000000100000000)
  region size 1024K, 4 young (4096K), 4 survivors (4096K)
 Metaspace       used 45600K, committed 46080K, reserved 1114112K
  class space    used 5971K, committed 6208K, reserved 1048576K
}
Event: 10.179 GC heap before
{Heap before GC invocations=16 (full 0):
 garbage-first heap   total 59392K, used 47165K [0x0000000082200000, 0x0000000100000000)
  region size 1024K, 26 young (26624K), 4 survivors (4096K)
 Metaspace       used 47990K, committed 48512K, reserved 1114112K
  class space    used 6330K, committed 6592K, reserved 1048576K
}
Event: 10.185 GC heap after
{Heap after GC invocations=17 (full 0):
 garbage-first heap   total 59392K, used 26491K [0x0000000082200000, 0x0000000100000000)
  region size 1024K, 4 young (4096K), 4 survivors (4096K)
 Metaspace       used 47990K, committed 48512K, reserved 1114112K
  class space    used 6330K, committed 6592K, reserved 1048576K
}
Event: 10.823 GC heap before
{Heap before GC invocations=17 (full 0):
 garbage-first heap   total 59392K, used 46971K [0x0000000082200000, 0x0000000100000000)
  region size 1024K, 24 young (24576K), 4 survivors (4096K)
 Metaspace       used 51053K, committed 51584K, reserved 1114112K
  class space    used 6853K, committed 7104K, reserved 1048576K
}
Event: 10.826 GC heap after
{Heap after GC invocations=18 (full 0):
 garbage-first heap   total 59392K, used 28326K [0x0000000082200000, 0x0000000100000000)
  region size 1024K, 2 young (2048K), 2 survivors (2048K)
 Metaspace       used 51053K, committed 51584K, reserved 1114112K
  class space    used 6853K, committed 7104K, reserved 1048576K
}
Event: 11.374 GC heap before
{Heap before GC invocations=18 (full 0):
 garbage-first heap   total 59392K, used 46758K [0x0000000082200000, 0x0000000100000000)
  region size 1024K, 20 young (20480K), 2 survivors (2048K)
 Metaspace       used 52797K, committed 53312K, reserved 1114112K
  class space    used 7151K, committed 7360K, reserved 1048576K
}
Event: 11.379 GC heap after
{Heap after GC invocations=19 (full 0):
 garbage-first heap   total 59392K, used 29331K [0x0000000082200000, 0x0000000100000000)
  region size 1024K, 3 young (3072K), 3 survivors (3072K)
 Metaspace       used 52797K, committed 53312K, reserved 1114112K
  class space    used 7151K, committed 7360K, reserved 1048576K
}
Event: 12.134 GC heap before
{Heap before GC invocations=20 (full 0):
 garbage-first heap   total 59392K, used 46739K [0x0000000082200000, 0x0000000100000000)
  region size 1024K, 20 young (20480K), 3 survivors (3072K)
 Metaspace       used 55407K, committed 56000K, reserved 1114112K
  class space    used 7525K, committed 7808K, reserved 1048576K
}
Event: 12.140 GC heap after
{Heap after GC invocations=21 (full 0):
 garbage-first heap   total 59392K, used 30830K [0x0000000082200000, 0x0000000100000000)
  region size 1024K, 3 young (3072K), 3 survivors (3072K)
 Metaspace       used 55407K, committed 56000K, reserved 1114112K
  class space    used 7525K, committed 7808K, reserved 1048576K
}
Event: 52.751 GC heap before
{Heap before GC invocations=21 (full 0):
 garbage-first heap   total 59392K, used 47214K [0x0000000082200000, 0x0000000100000000)
  region size 1024K, 20 young (20480K), 3 survivors (3072K)
 Metaspace       used 58045K, committed 58624K, reserved 1114112K
  class space    used 7918K, committed 8192K, reserved 1048576K
}
Event: 52.763 GC heap after
{Heap after GC invocations=22 (full 0):
 garbage-first heap   total 59392K, used 31922K [0x0000000082200000, 0x0000000100000000)
  region size 1024K, 3 young (3072K), 3 survivors (3072K)
 Metaspace       used 58045K, committed 58624K, reserved 1114112K
  class space    used 7918K, committed 8192K, reserved 1048576K
}

