# JRE version: OpenJDK Runtime Environment Temurin-17.0.7+7 (17.0.7+7) (build 17.0.7+7)
# Java VM: OpenJDK 64-Bit Server VM Temurin-17.0.7+7 (17.0.7+7, mixed mode, tiered, compressed oops, compressed class ptrs, g1 gc, windows-amd64)
GC Precious Log:
 CPUs: 8 total, 8 available
 Memory: 8050M
 Large Page Support: Disabled
 NUMA Support: Disabled
 Compressed Oops: Enabled (32-bit)
 Heap Region Size: 1M
 Heap Min Capacity: 8M
 Heap Initial Capacity: 126M
 Heap Max Capacity: 2014M
 Pre-touch: Disabled
 Parallel Workers: 8
 Concurrent Workers: 2
 Concurrent Refinement Workers: 8
 Periodic GC: Disabled
Heap:
 garbage-first heap   total 81920K, used 46286K [0x0000000082200000, 0x0000000100000000)
  region size 1024K, 4 young (4096K), 2 survivors (2048K)
 Metaspace       used 86916K, committed 87552K, reserved 1179648K
  class space    used 11487K, committed 11776K, reserved 1048576K
GC Heap History (20 events):
Event: 15.710 GC heap before
{Heap before GC invocations=26 (full 0):
 garbage-first heap   total 73728K, used 58539K [0x0000000082200000, 0x0000000100000000)
  region size 1024K, 21 young (21504K), 3 survivors (3072K)
 Metaspace       used 75750K, committed 76352K, reserved 1179648K
  class space    used 9949K, committed 10240K, reserved 1048576K
}
Event: 15.714 GC heap after
{Heap after GC invocations=27 (full 0):
 garbage-first heap   total 73728K, used 41583K [0x0000000082200000, 0x0000000100000000)
  region size 1024K, 2 young (2048K), 2 survivors (2048K)
 Metaspace       used 75750K, committed 76352K, reserved 1179648K
  class space    used 9949K, committed 10240K, reserved 1048576K
}
Event: 16.434 GC heap before
{Heap before GC invocations=28 (full 0):
 garbage-first heap   total 75776K, used 57967K [0x0000000082200000, 0x0000000100000000)
  region size 1024K, 19 young (19456K), 2 survivors (2048K)
 Metaspace       used 77688K, committed 78208K, reserved 1179648K
  class space    used 10212K, committed 10496K, reserved 1048576K
}
Event: 16.438 GC heap after
{Heap after GC invocations=29 (full 0):
 garbage-first heap   total 75776K, used 42700K [0x0000000082200000, 0x0000000100000000)
  region size 1024K, 3 young (3072K), 3 survivors (3072K)
 Metaspace       used 77688K, committed 78208K, reserved 1179648K
  class space    used 10212K, committed 10496K, reserved 1048576K
}
Event: 16.477 GC heap before
{Heap before GC invocations=29 (full 0):
 garbage-first heap   total 75776K, used 43724K [0x0000000082200000, 0x0000000100000000)
  region size 1024K, 4 young (4096K), 3 survivors (3072K)
 Metaspace       used 77707K, committed 78272K, reserved 1179648K
  class space    used 10216K, committed 10496K, reserved 1048576K
}
Event: 16.481 GC heap after
{Heap after GC invocations=30 (full 0):
 garbage-first heap   total 75776K, used 42126K [0x0000000082200000, 0x0000000100000000)
  region size 1024K, 1 young (1024K), 1 survivors (1024K)
 Metaspace       used 77707K, committed 78272K, reserved 1179648K
  class space    used 10216K, committed 10496K, reserved 1048576K
}
Event: 17.024 GC heap before
{Heap before GC invocations=30 (full 0):
 garbage-first heap   total 75776K, used 61582K [0x0000000082200000, 0x0000000100000000)
  region size 1024K, 20 young (20480K), 1 survivors (1024K)
 Metaspace       used 79313K, committed 79936K, reserved 1179648K
  class space    used 10441K, committed 10752K, reserved 1048576K
}
Event: 17.027 GC heap after
{Heap after GC invocations=31 (full 0):
 garbage-first heap   total 75776K, used 43438K [0x0000000082200000, 0x0000000100000000)
  region size 1024K, 2 young (2048K), 2 survivors (2048K)
 Metaspace       used 79313K, committed 79936K, reserved 1179648K
  class space    used 10441K, committed 10752K, reserved 1048576K
}
Event: 17.887 GC heap before
{Heap before GC invocations=32 (full 0):
 garbage-first heap   total 76800K, used 61870K [0x0000000082200000, 0x0000000100000000)
  region size 1024K, 20 young (20480K), 2 survivors (2048K)
 Metaspace       used 80599K, committed 81152K, reserved 1179648K
  class space    used 10643K, committed 10944K, reserved 1048576K
}
Event: 17.891 GC heap after
{Heap after GC invocations=33 (full 0):
 garbage-first heap   total 76800K, used 44974K [0x0000000082200000, 0x0000000100000000)
  region size 1024K, 3 young (3072K), 3 survivors (3072K)
 Metaspace       used 80599K, committed 81152K, reserved 1179648K
  class space    used 10643K, committed 10944K, reserved 1048576K
}
Event: 17.908 GC heap before
{Heap before GC invocations=33 (full 0):
 garbage-first heap   total 76800K, used 45998K [0x0000000082200000, 0x0000000100000000)
  region size 1024K, 4 young (4096K), 3 survivors (3072K)
 Metaspace       used 80610K, committed 81216K, reserved 1179648K
  class space    used 10645K, committed 10944K, reserved 1048576K
}
Event: 17.912 GC heap after
{Heap after GC invocations=34 (full 0):
 garbage-first heap   total 76800K, used 44957K [0x0000000082200000, 0x0000000100000000)
  region size 1024K, 1 young (1024K), 1 survivors (1024K)
 Metaspace       used 80610K, committed 81216K, reserved 1179648K
  class space    used 10645K, committed 10944K, reserved 1048576K
}
Event: 18.559 GC heap before
{Heap before GC invocations=34 (full 0):
 garbage-first heap   total 76800K, used 62365K [0x0000000082200000, 0x0000000100000000)
  region size 1024K, 18 young (18432K), 1 survivors (1024K)
 Metaspace       used 83631K, committed 84224K, reserved 1179648K
  class space    used 11085K, committed 11328K, reserved 1048576K
}
Event: 18.562 GC heap after
{Heap after GC invocations=35 (full 0):
 garbage-first heap   total 76800K, used 46325K [0x0000000082200000, 0x0000000100000000)
  region size 1024K, 2 young (2048K), 2 survivors (2048K)
 Metaspace       used 83631K, committed 84224K, reserved 1179648K
  class space    used 11085K, committed 11328K, reserved 1048576K
}
Event: 69.593 GC heap before
{Heap before GC invocations=36 (full 0):
 garbage-first heap   total 81920K, used 60661K [0x0000000082200000, 0x0000000100000000)
  region size 1024K, 18 young (18432K), 2 survivors (2048K)
 Metaspace       used 86543K, committed 87232K, reserved 1179648K
  class space    used 11473K, committed 11776K, reserved 1048576K
}
Event: 69.668 GC heap after
{Heap after GC invocations=37 (full 1):
 garbage-first heap   total 81920K, used 39244K [0x0000000082200000, 0x0000000100000000)
  region size 1024K, 0 young (0K), 0 survivors (0K)
 Metaspace       used 86543K, committed 87232K, reserved 1179648K
  class space    used 11473K, committed 11776K, reserved 1048576K
}
Event: 70.751 GC heap before
{Heap before GC invocations=37 (full 1):
 garbage-first heap   total 81920K, used 62796K [0x0000000082200000, 0x0000000100000000)
  region size 1024K, 24 young (24576K), 0 survivors (0K)
 Metaspace       used 86695K, committed 87296K, reserved 1179648K
  class space    used 11481K, committed 11776K, reserved 1048576K
}
Event: 70.754 GC heap after
{Heap after GC invocations=38 (full 1):
 garbage-first heap   total 81920K, used 41952K [0x0000000082200000, 0x0000000100000000)
  region size 1024K, 3 young (3072K), 3 survivors (3072K)
 Metaspace       used 86695K, committed 87296K, reserved 1179648K
  class space    used 11481K, committed 11776K, reserved 1048576K
}
Event: 72.508 GC heap before
{Heap before GC invocations=39 (full 1):
 garbage-first heap   total 81920K, used 64480K [0x0000000082200000, 0x0000000100000000)
  region size 1024K, 25 young (25600K), 3 survivors (3072K)
 Metaspace       used 86898K, committed 87488K, reserved 1179648K
  class space    used 11487K, committed 11776K, reserved 1048576K
}
Event: 72.511 GC heap after
{Heap after GC invocations=40 (full 1):
 garbage-first heap   total 81920K, used 43153K [0x0000000082200000, 0x0000000100000000)
  region size 1024K, 2 young (2048K), 2 survivors (2048K)
 Metaspace       used 86898K, committed 87488K, reserved 1179648K
  class space    used 11487K, committed 11776K, reserved 1048576K
}

